OCRDemo/build/outputs/logs/manifest-merger-debug-report.txt
-- Merging decision tree log ---
manifest
ADDED from src\main\AndroidManifest.xml:3:1-27:12
	package
		ADDED from src\main\AndroidManifest.xml:4:11-39
		INJECTED from src\main\AndroidManifest.xml
		INJECTED from src\main\AndroidManifest.xml
	android:versionName
		INJECTED from src\main\AndroidManifest.xml
		INJECTED from src\main\AndroidManifest.xml
	xmlns:android
		ADDED from src\main\AndroidManifest.xml:3:11-69
	android:versionCode
		INJECTED from src\main\AndroidManifest.xml
		INJECTED from src\main\AndroidManifest.xml
uses-permission#android.permission.READ_EXTERNAL_STORAGE
ADDED from src\main\AndroidManifest.xml:6:5-79
MERGED from [BaiduORC:ocr_ui:unspecified] AndroidManifest.xml:13:5-80
	android:name
		ADDED from src\main\AndroidManifest.xml:6:22-77
uses-permission#android.permission.WRITE_EXTERNAL_STORAGE
ADDED from src\main\AndroidManifest.xml:7:5-80
MERGED from [BaiduORC:ocr_ui:unspecified] AndroidManifest.xml:14:5-81
	android:name
		ADDED from src\main\AndroidManifest.xml:7:22-78
uses-permission#android.permission.INTERNET
ADDED from src\main\AndroidManifest.xml:8:5-66
	android:name
		ADDED from src\main\AndroidManifest.xml:8:22-64
application
ADDED from src\main\AndroidManifest.xml:9:5-25:19
MERGED from [BaiduORC:ocr_ui:unspecified] AndroidManifest.xml:20:5-31:19
MERGED from [com.android.support:appcompat-v7:25.1.1] AndroidManifest.xml:25:5-20
MERGED from [com.android.support:support-v4:25.1.1] AndroidManifest.xml:25:5-20
MERGED from [com.android.support:support-compat:25.1.1] AndroidManifest.xml:25:5-20
MERGED from [com.android.support:support-media-compat:25.1.1] AndroidManifest.xml:25:5-20
MERGED from [com.android.support:support-core-utils:25.1.1] AndroidManifest.xml:25:5-20
MERGED from [com.android.support:support-core-ui:25.1.1] AndroidManifest.xml:25:5-20
MERGED from [com.android.support:support-fragment:25.1.1] AndroidManifest.xml:25:5-20
MERGED from [com.android.support:support-vector-drawable:25.1.1] AndroidManifest.xml:23:5-20
MERGED from [com.android.support:animated-vector-drawable:25.1.1] AndroidManifest.xml:22:5-20
	android:label
		ADDED from src\main\AndroidManifest.xml:12:13-45
	android:supportsRtl
		ADDED from src\main\AndroidManifest.xml:13:13-39
	android:vmSafeMode
		ADDED from [BaiduORC:ocr_ui:unspecified] AndroidManifest.xml:26:9-34
	android:allowBackup
		ADDED from src\main\AndroidManifest.xml:10:13-39
	android:icon
		ADDED from src\main\AndroidManifest.xml:11:13-47
	android:theme
		ADDED from src\main\AndroidManifest.xml:14:13-44
activity#com.baidu.ocr.demo.MainActivity
ADDED from src\main\AndroidManifest.xml:15:9-21:20
	android:name
		ADDED from src\main\AndroidManifest.xml:15:19-47
intent-filter#android.intent.action.MAIN+android.intent.category.LAUNCHER
ADDED from src\main\AndroidManifest.xml:16:13-20:29
action#android.intent.action.MAIN
ADDED from src\main\AndroidManifest.xml:17:17-68
	android:name
		ADDED from src\main\AndroidManifest.xml:17:25-66
category#android.intent.category.LAUNCHER
ADDED from src\main\AndroidManifest.xml:19:17-76
	android:name
		ADDED from src\main\AndroidManifest.xml:19:27-74
activity#com.baidu.ocr.demo.IDCardActivity
ADDED from src\main\AndroidManifest.xml:22:9-24:20
	android:label
		ADDED from src\main\AndroidManifest.xml:23:13-48
	android:name
		ADDED from src\main\AndroidManifest.xml:22:19-49
uses-sdk
INJECTED from src\main\AndroidManifest.xml reason: use-sdk injection requested
MERGED from [BaiduORC:ocr_ui:unspecified] AndroidManifest.xml:8:5-10:41
MERGED from [com.android.support:appcompat-v7:25.1.1] AndroidManifest.xml:21:5-23:78
MERGED from [com.android.support:support-v4:25.1.1] AndroidManifest.xml:21:5-23:54
MERGED from [com.android.support:support-compat:25.1.1] AndroidManifest.xml:21:5-23:58
MERGED from [com.android.support:support-media-compat:25.1.1] AndroidManifest.xml:21:5-23:63
MERGED from [com.android.support:support-core-utils:25.1.1] AndroidManifest.xml:21:5-23:61
MERGED from [com.android.support:support-core-ui:25.1.1] AndroidManifest.xml:21:5-23:58
MERGED from [com.android.support:support-fragment:25.1.1] AndroidManifest.xml:21:5-23:60
MERGED from [com.android.support:support-vector-drawable:25.1.1] AndroidManifest.xml:21:5-43
MERGED from [com.android.support:animated-vector-drawable:25.1.1] AndroidManifest.xml:20:5-44
	tools:overrideLibrary
		ADDED from [com.android.support:appcompat-v7:25.1.1] AndroidManifest.xml:23:9-75
	android:targetSdkVersion
		INJECTED from src\main\AndroidManifest.xml
		INJECTED from src\main\AndroidManifest.xml
	android:minSdkVersion
		INJECTED from src\main\AndroidManifest.xml
		INJECTED from src\main\AndroidManifest.xml
uses-permission#android.permission.CAMERA
ADDED from [BaiduORC:ocr_ui:unspecified] AndroidManifest.xml:12:5-65
	android:name
		ADDED from [BaiduORC:ocr_ui:unspecified] AndroidManifest.xml:12:22-62
uses-feature#android.hardware.camera2.full
ADDED from [BaiduORC:ocr_ui:unspecified] AndroidManifest.xml:16:5-66
	android:name
		ADDED from [BaiduORC:ocr_ui:unspecified] AndroidManifest.xml:16:19-63
uses-feature#android.hardware.camera
ADDED from [BaiduORC:ocr_ui:unspecified] AndroidManifest.xml:17:5-60
	android:name
		ADDED from [BaiduORC:ocr_ui:unspecified] AndroidManifest.xml:17:19-57
uses-feature#android.hardware.camera.autofocus
ADDED from [BaiduORC:ocr_ui:unspecified] AndroidManifest.xml:18:5-70
	android:name
		ADDED from [BaiduORC:ocr_ui:unspecified] AndroidManifest.xml:18:19-67
activity#com.baidu.ocr.ui.camera.CameraActivity
ADDED from [BaiduORC:ocr_ui:unspecified] AndroidManifest.xml:27:9-30:80
	android:configChanges
		ADDED from [BaiduORC:ocr_ui:unspecified] AndroidManifest.xml:29:13-59
	android:theme
		ADDED from [BaiduORC:ocr_ui:unspecified] AndroidManifest.xml:30:13-77
	android:name
		ADDED from [BaiduORC:ocr_ui:unspecified] AndroidManifest.xml:28:13-66